d:\file\opengl\testpull\opengl\opengl\opengl\x64\debug\vc140.pdb
d:\file\opengl\testpull\opengl\opengl\opengl\x64\debug\vc140.idb
d:\file\opengl\testpull\opengl\opengl\opengl\x64\debug\glad.obj
d:\file\opengl\testpull\opengl\opengl\opengl\x64\debug\parallellight1.obj
d:\file\opengl\testpull\opengl\opengl\x64\debug\opengl.ilk
d:\file\opengl\testpull\opengl\opengl\x64\debug\opengl.exe
d:\file\opengl\testpull\opengl\opengl\x64\debug\opengl.pdb
d:\file\opengl\testpull\opengl\opengl\x64\debug\glad.obj
d:\file\opengl\testpull\opengl\opengl\x64\debug\parallellight1.obj
d:\file\opengl\testpull\opengl\opengl\x64\debug\vc140.idb
d:\file\opengl\testpull\opengl\opengl\x64\debug\vc140.pdb
d:\file\opengl\testpull\opengl\x64\debug\opengl.pdb
d:\file\opengl\testpull\opengl\x64\debug\opengl.exe
d:\file\opengl\testpull\opengl\x64\debug\opengl.ilk
d:\file\opengl\testpull\opengl\opengl\x64\debug\opengl.tlog\cl.command.1.tlog
d:\file\opengl\testpull\opengl\opengl\x64\debug\opengl.tlog\cl.read.1.tlog
d:\file\opengl\testpull\opengl\opengl\x64\debug\opengl.tlog\cl.write.1.tlog
d:\file\opengl\testpull\opengl\opengl\x64\debug\opengl.tlog\link.command.1.tlog
d:\file\opengl\testpull\opengl\opengl\x64\debug\opengl.tlog\link.read.1.tlog
d:\file\opengl\testpull\opengl\opengl\x64\debug\opengl.tlog\link.write.1.tlog
